Release 14.7 - xst P.20131013 (nt64)
Copyright (c) 1995-2013 Xilinx, Inc.  All rights reserved.
--> Parameter TMPDIR set to xst/projnav.tmp


Total REAL time to Xst completion: 0.00 secs
Total CPU time to Xst completion: 0.20 secs
 
--> Parameter xsthdpdir set to xst


Total REAL time to Xst completion: 0.00 secs
Total CPU time to Xst completion: 0.20 secs
 
--> Reading design: ALUcontrol.prj

TABLE OF CONTENTS
  1) Synthesis Options Summary
  2) HDL Parsing
  3) HDL Elaboration
  4) HDL Synthesis
       4.1) HDL Synthesis Report
  5) Advanced HDL Synthesis
       5.1) Advanced HDL Synthesis Report
  6) Low Level Synthesis
  7) Partition Report
  8) Design Summary
       8.1) Primitive and Black Box Usage
       8.2) Device utilization summary
       8.3) Partition Resource Summary
       8.4) Timing Report
            8.4.1) Clock Information
            8.4.2) Asynchronous Control Signals Information
            8.4.3) Timing Summary
            8.4.4) Timing Details
            8.4.5) Cross Clock Domains Report


=========================================================================
*                      Synthesis Options Summary                        *
=========================================================================
---- Source Parameters
Input File Name                    : "ALUcontrol.prj"
Ignore Synthesis Constraint File   : NO

---- Target Parameters
Output File Name                   : "ALUcontrol"
Output Format                      : NGC
Target Device                      : xc7a100t-3-csg324

---- Source Options
Top Module Name                    : ALUcontrol
Automatic FSM Extraction           : YES
FSM Encoding Algorithm             : Auto
Safe Implementation                : No
FSM Style                          : LUT
RAM Extraction                     : Yes
RAM Style                          : Auto
ROM Extraction                     : Yes
Shift Register Extraction          : YES
ROM Style                          : Auto
Resource Sharing                   : YES
Asynchronous To Synchronous        : NO
Shift Register Minimum Size        : 2
Use DSP Block                      : Auto
Automatic Register Balancing       : No

---- Target Options
LUT Combining                      : Auto
Reduce Control Sets                : Auto
Add IO Buffers                     : YES
Global Maximum Fanout              : 100000
Add Generic Clock Buffer(BUFG)     : 32
Register Duplication               : YES
Optimize Instantiated Primitives   : NO
Use Clock Enable                   : Auto
Use Synchronous Set                : Auto
Use Synchronous Reset              : Auto
Pack IO Registers into IOBs        : Auto
Equivalent register Removal        : YES

---- General Options
Optimization Goal                  : Speed
Optimization Effort                : 1
Power Reduction                    : NO
Keep Hierarchy                     : No
Netlist Hierarchy                  : As_Optimized
RTL Output                         : Yes
Global Optimization                : AllClockNets
Read Cores                         : YES
Write Timing Constraints           : NO
Cross Clock Analysis               : NO
Hierarchy Separator                : /
Bus Delimiter                      : <>
Case Specifier                     : Maintain
Slice Utilization Ratio            : 100
BRAM Utilization Ratio             : 100
DSP48 Utilization Ratio            : 100
Auto BRAM Packing                  : NO
Slice Utilization Ratio Delta      : 5

=========================================================================


=========================================================================
*                          HDL Parsing                                  *
=========================================================================
Analyzing Verilog file "G:\University\term5\Az memary\ComputerArthitectureLab\ALUcontrol.v" into library work
Parsing module <ALUcontrol>.

=========================================================================
*                            HDL Elaboration                            *
=========================================================================

Elaborating module <ALUcontrol>.

=========================================================================
*                           HDL Synthesis                               *
=========================================================================

Synthesizing Unit <ALUcontrol>.
    Related source file is "G:\University\term5\Az memary\ComputerArthitectureLab\ALUcontrol.v".
WARNING:Xst:737 - Found 1-bit latch for signal <ALUControl<2>>. Latches may be generated from incomplete case or if statements. We do not recommend the use of latches in FPGA/CPLD designs, as they may lead to timing problems.
WARNING:Xst:737 - Found 1-bit latch for signal <ALUControl<1>>. Latches may be generated from incomplete case or if statements. We do not recommend the use of latches in FPGA/CPLD designs, as they may lead to timing problems.
WARNING:Xst:737 - Found 1-bit latch for signal <ALUControl<0>>. Latches may be generated from incomplete case or if statements. We do not recommend the use of latches in FPGA/CPLD designs, as they may lead to timing problems.
WARNING:Xst:737 - Found 1-bit latch for signal <ALUControl<3>>. Latches may be generated from incomplete case or if statements. We do not recommend the use of latches in FPGA/CPLD designs, as they may lead to timing problems.
    Summary:
	inferred   4 Latch(s).
	inferred   7 Multiplexer(s).
Unit <ALUcontrol> synthesized.

=========================================================================
HDL Synthesis Report

Macro Statistics
# Latches                                              : 4
 1-bit latch                                           : 4
# Multiplexers                                         : 7
 1-bit 2-to-1 multiplexer                              : 6
 4-bit 2-to-1 multiplexer                              : 1

=========================================================================

=========================================================================
*                       Advanced HDL Synthesis                          *
=========================================================================


=========================================================================
Advanced HDL Synthesis Report

Macro Statistics
# Multiplexers                                         : 10
 1-bit 2-to-1 multiplexer                              : 10

=========================================================================

=========================================================================
*                         Low Level Synthesis                           *
=========================================================================
WARNING:Xst:1710 - FF/Latch <ALUControl_3> (without init value) has a constant value of 0 in block <ALUcontrol>. This FF/Latch will be trimmed during the optimization process.

Optimizing unit <ALUcontrol> ...

Mapping all equations...
Building and optimizing final netlist ...
Found area constraint ratio of 100 (+ 5) on block ALUcontrol, actual ratio is 0.

Final Macro Processing ...

=========================================================================
Final Register Report

Found no macro
=========================================================================

=========================================================================
*                           Partition Report                            *
=========================================================================

Partition Implementation Status
-------------------------------

  No Partitions were found in this design.

-------------------------------

=========================================================================
*                            Design Summary                             *
=========================================================================

Top Level Output File Name         : ALUcontrol.ngc

Primitive and Black Box Usage:
------------------------------
# BELS                             : 9
#      GND                         : 1
#      LUT3                        : 1
#      LUT6                        : 7
# FlipFlops/Latches                : 3
#      LD                          : 3
# IO Buffers                       : 13
#      IBUF                        : 9
#      OBUF                        : 4

Device utilization summary:
---------------------------

Selected Device : 7a100tcsg324-3 


Slice Logic Utilization: 
 Number of Slice Registers:               3  out of  126800     0%  
 Number of Slice LUTs:                    8  out of  63400     0%  
    Number used as Logic:                 8  out of  63400     0%  

Slice Logic Distribution: 
 Number of LUT Flip Flop pairs used:     11
   Number with an unused Flip Flop:       8  out of     11    72%  
   Number with an unused LUT:             3  out of     11    27%  
   Number of fully used LUT-FF pairs:     0  out of     11     0%  
   Number of unique control sets:         1

IO Utilization: 
 Number of IOs:                          13
 Number of bonded IOBs:                  13  out of    210     6%  

Specific Feature Utilization:

---------------------------
Partition Resource Summary:
---------------------------

  No Partitions were found in this design.

---------------------------


=========================================================================
Timing Report

NOTE: THESE TIMING NUMBERS ARE ONLY A SYNTHESIS ESTIMATE.
      FOR ACCURATE TIMING INFORMATION PLEASE REFER TO THE TRACE REPORT
      GENERATED AFTER PLACE-and-ROUTE.

Clock Information:
------------------
-----------------------------------------------------------+------------------------+-------+
Clock Signal                                               | Clock buffer(FF name)  | Load  |
-----------------------------------------------------------+------------------------+-------+
ALUop[2]_func[5]_MUX_9_o(Mmux_ALUop[2]_func[5]_MUX_9_o11:O)| NONE(*)(ALUControl_0)  | 3     |
-----------------------------------------------------------+------------------------+-------+
(*) This 1 clock signal(s) are generated by combinatorial logic,
and XST is not able to identify which are the primary clock signals.
Please use the CLOCK_SIGNAL constraint to specify the clock signal(s) generated by combinatorial logic.
INFO:Xst:2169 - HDL ADVISOR - Some clock signals were not automatically buffered by XST with BUFG/BUFR resources. Please use the buffer_type constraint in order to insert these buffers to the clock signals to help prevent skew problems.

Asynchronous Control Signals Information:
----------------------------------------
No asynchronous control signals found in this design

Timing Summary:
---------------
Speed Grade: -3

   Minimum period: 0.868ns (Maximum Frequency: 1151.410MHz)
   Minimum input arrival time before clock: 1.600ns
   Maximum output required time after clock: 0.755ns
   Maximum combinational path delay: No path found

Timing Details:
---------------
All values displayed in nanoseconds (ns)

=========================================================================
Timing constraint: Default period analysis for Clock 'ALUop[2]_func[5]_MUX_9_o'
  Clock period: 0.868ns (frequency: 1151.411MHz)
  Total number of paths / destination ports: 3 / 3
-------------------------------------------------------------------------
Delay:               0.868ns (Levels of Logic = 1)
  Source:            ALUControl_0 (LATCH)
  Destination:       ALUControl_0 (LATCH)
  Source Clock:      ALUop[2]_func[5]_MUX_9_o falling
  Destination Clock: ALUop[2]_func[5]_MUX_9_o falling

  Data Path: ALUControl_0 to ALUControl_0
                                Gate     Net
    Cell:in->out      fanout   Delay   Delay  Logical Name (Net Name)
    ----------------------------------------  ------------
     LD:G->Q               2   0.472   0.299  ALUControl_0 (ALUControl_0)
     LUT6:I5->O            1   0.097   0.000  ALUControl[3]_func[5]_MUX_23_o<0>3 (ALUControl[3]_func[5]_MUX_23_o)
     LD:D                     -0.028          ALUControl_0
    ----------------------------------------
    Total                      0.868ns (0.569ns logic, 0.299ns route)
                                       (65.5% logic, 34.5% route)

=========================================================================
Timing constraint: Default OFFSET IN BEFORE for Clock 'ALUop[2]_func[5]_MUX_9_o'
  Total number of paths / destination ports: 36 / 3
-------------------------------------------------------------------------
Offset:              1.600ns (Levels of Logic = 3)
  Source:            func<5> (PAD)
  Destination:       ALUControl_0 (LATCH)
  Destination Clock: ALUop[2]_func[5]_MUX_9_o falling

  Data Path: func<5> to ALUControl_0
                                Gate     Net
    Cell:in->out      fanout   Delay   Delay  Logical Name (Net Name)
    ----------------------------------------  ------------
     IBUF:I->O             5   0.001   0.712  func_5_IBUF (func_5_IBUF)
     LUT6:I0->O            1   0.097   0.693  ALUControl[3]_func[5]_MUX_23_o<0>1 (ALUControl[3]_func[5]_MUX_23_o<0>)
     LUT6:I0->O            1   0.097   0.000  ALUControl[3]_func[5]_MUX_23_o<0>3 (ALUControl[3]_func[5]_MUX_23_o)
     LD:D                     -0.028          ALUControl_0
    ----------------------------------------
    Total                      1.600ns (0.195ns logic, 1.406ns route)
                                       (12.2% logic, 87.8% route)

=========================================================================
Timing constraint: Default OFFSET OUT AFTER for Clock 'ALUop[2]_func[5]_MUX_9_o'
  Total number of paths / destination ports: 3 / 3
-------------------------------------------------------------------------
Offset:              0.755ns (Levels of Logic = 1)
  Source:            ALUControl_2 (LATCH)
  Destination:       ALUControl<2> (PAD)
  Source Clock:      ALUop[2]_func[5]_MUX_9_o falling

  Data Path: ALUControl_2 to ALUControl<2>
                                Gate     Net
    Cell:in->out      fanout   Delay   Delay  Logical Name (Net Name)
    ----------------------------------------  ------------
     LD:G->Q               2   0.472   0.283  ALUControl_2 (ALUControl_2)
     OBUF:I->O                 0.000          ALUControl_2_OBUF (ALUControl<2>)
    ----------------------------------------
    Total                      0.755ns (0.472ns logic, 0.283ns route)
                                       (62.5% logic, 37.5% route)

=========================================================================

Cross Clock Domains Report:
--------------------------

Clock to Setup on destination clock ALUop[2]_func[5]_MUX_9_o
------------------------+---------+---------+---------+---------+
                        | Src:Rise| Src:Fall| Src:Rise| Src:Fall|
Source Clock            |Dest:Rise|Dest:Rise|Dest:Fall|Dest:Fall|
------------------------+---------+---------+---------+---------+
ALUop[2]_func[5]_MUX_9_o|         |         |    0.868|         |
------------------------+---------+---------+---------+---------+

=========================================================================


Total REAL time to Xst completion: 18.00 secs
Total CPU time to Xst completion: 18.27 secs
 
--> 

Total memory usage is 4617592 kilobytes

Number of errors   :    0 (   0 filtered)
Number of warnings :    5 (   0 filtered)
Number of infos    :    1 (   0 filtered)

